<?xml version="1.0" encoding="UTF-8"?>
<!-- Generated by org.testng.reporters.JUnitXMLReporter -->
<testsuite ignored="0" hostname="DESKTOP-RA01EM1" failures="0" tests="3" name="Test" time="237.543" errors="0" timestamp="2023-06-29T12:52:23 IST">
  <testcase classname="TestCases.VrifyRegester" name="Regester" time="6.197"/>
  <testcase classname="TestCases.VerifyLogIn" name="Login" time="22.108"/>
  <testcase classname="TestCases.veifyAccServices" name="Login" time="142.685"/>
</testsuite> <!-- Test -->
