<?xml version="1.0" encoding="UTF-8"?>
<testng-results ignored="0" total="3" passed="3" failed="0" skipped="0">
  <reporter-output>
  </reporter-output>
  <suite started-at="2023-06-29T12:48:26 IST" name="Suite" finished-at="2023-06-29T12:52:23 IST" duration-ms="237543">
    <groups>
    </groups>
    <test started-at="2023-06-29T12:48:26 IST" name="Test" finished-at="2023-06-29T12:52:23 IST" duration-ms="237543">
      <class name="TestCases.veifyAccServices">
        <test-method is-config="true" signature="LaunchBrowser()[pri:0, instance:TestCases.veifyAccServices@595b007d]" started-at="2023-06-29T12:49:30 IST" name="LaunchBrowser" finished-at="2023-06-29T12:50:00 IST" duration-ms="30870" status="PASS">
          <reporter-output>
          </reporter-output>
        </test-method> <!-- LaunchBrowser -->
        <test-method signature="Login()[pri:0, instance:TestCases.veifyAccServices@595b007d]" started-at="2023-06-29T12:50:00 IST" name="Login" finished-at="2023-06-29T12:52:23 IST" duration-ms="142685" status="PASS">
          <reporter-output>
          </reporter-output>
        </test-method> <!-- Login -->
        <test-method is-config="true" signature="quitBrowser()[pri:0, instance:TestCases.veifyAccServices@595b007d]" started-at="2023-06-29T12:52:23 IST" name="quitBrowser" finished-at="2023-06-29T12:52:23 IST" duration-ms="1" status="PASS">
          <reporter-output>
          </reporter-output>
        </test-method> <!-- quitBrowser -->
      </class> <!-- TestCases.veifyAccServices -->
      <class name="TestCases.VrifyRegester">
        <test-method is-config="true" signature="LaunchBrowser()[pri:0, instance:TestCases.VrifyRegester@f5ac9e4]" started-at="2023-06-29T12:48:26 IST" name="LaunchBrowser" finished-at="2023-06-29T12:48:45 IST" duration-ms="19045" status="PASS">
          <reporter-output>
          </reporter-output>
        </test-method> <!-- LaunchBrowser -->
        <test-method signature="Regester()[pri:0, instance:TestCases.VrifyRegester@f5ac9e4]" started-at="2023-06-29T12:48:45 IST" name="Regester" finished-at="2023-06-29T12:48:51 IST" duration-ms="6197" status="PASS">
          <reporter-output>
          </reporter-output>
        </test-method> <!-- Regester -->
        <test-method is-config="true" signature="quitBrowser()[pri:0, instance:TestCases.VrifyRegester@f5ac9e4]" started-at="2023-06-29T12:48:51 IST" name="quitBrowser" finished-at="2023-06-29T12:48:51 IST" duration-ms="0" status="PASS">
          <reporter-output>
          </reporter-output>
        </test-method> <!-- quitBrowser -->
      </class> <!-- TestCases.VrifyRegester -->
      <class name="TestCases.VerifyLogIn">
        <test-method is-config="true" signature="LaunchBrowser()[pri:0, instance:TestCases.VerifyLogIn@5158b42f]" started-at="2023-06-29T12:48:51 IST" name="LaunchBrowser" finished-at="2023-06-29T12:49:08 IST" duration-ms="16516" status="PASS">
          <reporter-output>
          </reporter-output>
        </test-method> <!-- LaunchBrowser -->
        <test-method signature="Login()[pri:1, instance:TestCases.VerifyLogIn@5158b42f]" started-at="2023-06-29T12:49:08 IST" name="Login" finished-at="2023-06-29T12:49:30 IST" duration-ms="22108" status="PASS">
          <reporter-output>
          </reporter-output>
        </test-method> <!-- Login -->
        <test-method is-config="true" signature="quitBrowser()[pri:0, instance:TestCases.VerifyLogIn@5158b42f]" started-at="2023-06-29T12:49:30 IST" name="quitBrowser" finished-at="2023-06-29T12:49:30 IST" duration-ms="1" status="PASS">
          <reporter-output>
          </reporter-output>
        </test-method> <!-- quitBrowser -->
      </class> <!-- TestCases.VerifyLogIn -->
    </test> <!-- Test -->
  </suite> <!-- Suite -->
</testng-results>
